#
# There is insufficient memory for the Java Runtime Environment to continue.
# Native memory allocation (mmap) failed to map 132120576 bytes for G1 virtual space
# Possible reasons:
#   The system is out of physical RAM or swap space
#   The process is running with CompressedOops enabled, and the Java Heap may be blocking the growth of the native heap
# Possible solutions:
#   Reduce memory load on the system
#   Increase physical memory or swap space
#   Check if swap backing store is full
#   Decrease Java heap size (-Xmx/-Xms)
#   Decrease number of Java threads
#   Decrease Java thread stack sizes (-Xss)
#   Set larger code cache with -XX:ReservedCodeCacheSize=
#   JVM is running with Unscaled Compressed Oops mode in which the Java heap is
#     placed in the first 4GB address space. The Java Heap base address is the
#     maximum limit for the native heap growth. Please use -XX:HeapBaseMinAddress
#     to set the Java Heap base and to place the Java Heap above 4GB virtual address.
# This output file may be truncated or incomplete.
#
#  Out of Memory Error (os_windows.cpp:3535), pid=6764, tid=10664
#
# JRE version:  (17.0.3+7) (build )
# Java VM: OpenJDK 64-Bit Server VM (17.0.3+7, mixed mode, sharing, tiered, compressed oops, compressed class ptrs, g1 gc, windows-amd64)
# No core dump will be written. Minidumps are not enabled by default on client versions of Windows
#

---------------  S U M M A R Y ------------

Command Line: -Dfile.encoding=UTF-8 -XX:+ShowCodeDetailsInExceptionMessages Main

Host: Intel(R) Core(TM) i5-10210U CPU @ 1.60GHz, 8 cores, 7G,  Windows 10 , 64 bit Build 19041 (10.0.19041.1889)
Time: Fri Oct  7 21:43:42 2022 Türkiye Standart Saati elapsed time: 0.035689 seconds (0d 0h 0m 0s)

---------------  T H R E A D  ---------------

Current thread (0x0000016fb3649a20):  JavaThread "Unknown thread" [_thread_in_vm, id=10664, stack(0x0000000cdbd00000,0x0000000cdbe00000)]

Stack: [0x0000000cdbd00000,0x0000000cdbe00000]
Native frames: (J=compiled Java code, j=interpreted, Vv=VM code, C=native code)
V  [jvm.dll+0x675efa]
V  [jvm.dll+0x830a24]
V  [jvm.dll+0x8321ce]
V  [jvm.dll+0x832833]
V  [jvm.dll+0x2454b5]
V  [jvm.dll+0x672de9]
V  [jvm.dll+0x667732]
V  [jvm.dll+0x3043ab]
V  [jvm.dll+0x30b8f6]
V  [jvm.dll+0x35b62e]
V  [jvm.dll+0x35b85f]
V  [jvm.dll+0x2db248]
V  [jvm.dll+0x2dc1b4]
V  [jvm.dll+0x802651]
V  [jvm.dll+0x3693b1]
V  [jvm.dll+0x7e1aac]
V  [jvm.dll+0x3ebd8f]
V  [jvm.dll+0x3ed911]
C  [jli.dll+0x5277]
C  [ucrtbase.dll+0x21bb2]
C  [KERNEL32.DLL+0x17034]
C  [ntdll.dll+0x526a1]


---------------  P R O C E S S  ---------------

Threads class SMR info:
_java_thread_list=0x00007ffe526e6e98, length=0, elements={
}

Java Threads: ( => current thread )

Other Threads:
  0x0000016fb36a62d0 GCTaskThread "GC Thread#0" [stack: 0x0000000cdbe00000,0x0000000cdbf00000] [id=456]
  0x0000016fb36b8430 ConcurrentGCThread "G1 Main Marker" [stack: 0x0000000cdbf00000,0x0000000cdc000000] [id=16624]
  0x0000016fb36b8e40 ConcurrentGCThread "G1 Conc#0" [stack: 0x0000000cdc000000,0x0000000cdc100000] [id=11260]

[error occurred during error reporting (printing all threads), id 0xc0000005, EXCEPTION_ACCESS_VIOLATION (0xc0000005) at pc=0x00007ffe51ebbcd7]

VM state: not at safepoint (not fully initialized)

VM Mutex/Monitor currently owned by a thread:  ([mutex/lock_event])
[0x0000016fb148d300] Heap_lock - owner thread: 0x0000016fb3649a20

Heap address: 0x0000000083000000, size: 2000 MB, Compressed Oops mode: 32-bit

CDS archive(s) mapped at: [0x0000000000000000-0x0000000000000000-0x0000000000000000), size 0, SharedBaseAddress: 0x0000000800000000, ArchiveRelocationMode: 0.
Narrow klass base: 0x0000000000000000, Narrow klass shift: 0, Narrow klass range: 0x0

GC Precious Log:
<Empty>

Heap:
 garbage-first heap   total 0K, used 0K [0x0000000083000000, 0x0000000100000000)
  region size 1024K, 0 young (0K), 0 survivors (0K)

[error occurred during error reporting (printing heap information), id 0xc0000005, EXCEPTION_ACCESS_VIOLATION (0xc0000005) at pc=0x00007ffe5229f249]

GC Heap History (0 events):
No events

Deoptimization events (0 events):
No events

Classes unloaded (0 events):
No events

Classes redefined (0 events):
No events

Internal exceptions (0 events):
No events

VM Operations (0 events):
No events

Events (1 events):
Event: 0.022 Loaded shared library C:\Users\LENOVO\Desktop\DERSLER\eclipse\plugins\org.eclipse.justj.openjdk.hotspot.jre.full.win32.x86_64_17.0.3.v20220515-1416\jre\bin\java.dll


Dynamic libraries:
0x00007ff66f0a0000 - 0x00007ff66f0ae000 	C:\Users\LENOVO\Desktop\DERSLER\eclipse\plugins\org.eclipse.justj.openjdk.hotspot.jre.full.win32.x86_64_17.0.3.v20220515-1416\jre\bin\javaw.exe
0x00007ffeb1710000 - 0x00007ffeb1908000 	C:\WINDOWS\SYSTEM32\ntdll.dll
0x00007ffeb03a0000 - 0x00007ffeb045d000 	C:\WINDOWS\System32\KERNEL32.DLL
0x00007ffeaf250000 - 0x00007ffeaf51e000 	C:\WINDOWS\System32\KERNELBASE.dll
0x00007ffeaf520000 - 0x00007ffeaf620000 	C:\WINDOWS\System32\ucrtbase.dll
0x00007ffe8eb70000 - 0x00007ffe8eb89000 	C:\Users\LENOVO\Desktop\DERSLER\eclipse\plugins\org.eclipse.justj.openjdk.hotspot.jre.full.win32.x86_64_17.0.3.v20220515-1416\jre\bin\VCRUNTIME140.dll
0x00007ffe8b140000 - 0x00007ffe8b158000 	C:\Users\LENOVO\Desktop\DERSLER\eclipse\plugins\org.eclipse.justj.openjdk.hotspot.jre.full.win32.x86_64_17.0.3.v20220515-1416\jre\bin\jli.dll
0x00007ffeb06d0000 - 0x00007ffeb0870000 	C:\WINDOWS\System32\USER32.dll
0x00007ffeaf6c0000 - 0x00007ffeaf6e2000 	C:\WINDOWS\System32\win32u.dll
0x00007ffe8aae0000 - 0x00007ffe8ad7a000 	C:\WINDOWS\WinSxS\amd64_microsoft.windows.common-controls_6595b64144ccf1df_6.0.19041.1110_none_60b5254171f9507e\COMCTL32.dll
0x00007ffeaffa0000 - 0x00007ffeb003e000 	C:\WINDOWS\System32\msvcrt.dll
0x00007ffeb0930000 - 0x00007ffeb095a000 	C:\WINDOWS\System32\GDI32.dll
0x00007ffeaeee0000 - 0x00007ffeaefeb000 	C:\WINDOWS\System32\gdi32full.dll
0x00007ffeaf620000 - 0x00007ffeaf6bd000 	C:\WINDOWS\System32\msvcp_win.dll
0x00007ffeb05f0000 - 0x00007ffeb0620000 	C:\WINDOWS\System32\IMM32.DLL
0x00007ffea56a0000 - 0x00007ffea56ac000 	C:\Users\LENOVO\Desktop\DERSLER\eclipse\plugins\org.eclipse.justj.openjdk.hotspot.jre.full.win32.x86_64_17.0.3.v20220515-1416\jre\bin\vcruntime140_1.dll
0x00007ffe6ef70000 - 0x00007ffe6f001000 	C:\Users\LENOVO\Desktop\DERSLER\eclipse\plugins\org.eclipse.justj.openjdk.hotspot.jre.full.win32.x86_64_17.0.3.v20220515-1416\jre\bin\msvcp140.dll
0x00007ffe51bd0000 - 0x00007ffe52818000 	C:\Users\LENOVO\Desktop\DERSLER\eclipse\plugins\org.eclipse.justj.openjdk.hotspot.jre.full.win32.x86_64_17.0.3.v20220515-1416\jre\bin\server\jvm.dll
0x00007ffeb0960000 - 0x00007ffeb0a0e000 	C:\WINDOWS\System32\ADVAPI32.dll
0x00007ffeb0630000 - 0x00007ffeb06cc000 	C:\WINDOWS\System32\sechost.dll
0x00007ffeb00f0000 - 0x00007ffeb0215000 	C:\WINDOWS\System32\RPCRT4.dll
0x00007ffeb0620000 - 0x00007ffeb0628000 	C:\WINDOWS\System32\PSAPI.DLL
0x00007ffea4a30000 - 0x00007ffea4a3a000 	C:\WINDOWS\SYSTEM32\VERSION.dll
0x00007ffeac0f0000 - 0x00007ffeac117000 	C:\WINDOWS\SYSTEM32\WINMM.dll
0x00007ffe9c760000 - 0x00007ffe9c769000 	C:\WINDOWS\SYSTEM32\WSOCK32.dll
0x00007ffeb0f60000 - 0x00007ffeb0fcb000 	C:\WINDOWS\System32\WS2_32.dll
0x00007ffeacf00000 - 0x00007ffeacf12000 	C:\WINDOWS\SYSTEM32\kernel.appcore.dll
0x00007ffea5e00000 - 0x00007ffea5e0a000 	C:\Users\LENOVO\Desktop\DERSLER\eclipse\plugins\org.eclipse.justj.openjdk.hotspot.jre.full.win32.x86_64_17.0.3.v20220515-1416\jre\bin\jimage.dll
0x00007ffeacab0000 - 0x00007ffeacc94000 	C:\WINDOWS\SYSTEM32\DBGHELP.DLL
0x00007ffeac0c0000 - 0x00007ffeac0ec000 	C:\WINDOWS\SYSTEM32\dbgcore.DLL
0x00007ffeaeff0000 - 0x00007ffeaf072000 	C:\WINDOWS\System32\bcryptPrimitives.dll
0x00007ffe9ccd0000 - 0x00007ffe9ccf5000 	C:\Users\LENOVO\Desktop\DERSLER\eclipse\plugins\org.eclipse.justj.openjdk.hotspot.jre.full.win32.x86_64_17.0.3.v20220515-1416\jre\bin\java.dll

dbghelp: loaded successfully - version: 4.0.5 - missing functions: none
symbol engine: initialized successfully - sym options: 0x614 - pdb path: .;C:\Users\LENOVO\Desktop\DERSLER\eclipse\plugins\org.eclipse.justj.openjdk.hotspot.jre.full.win32.x86_64_17.0.3.v20220515-1416\jre\bin;C:\WINDOWS\SYSTEM32;C:\WINDOWS\WinSxS\amd64_microsoft.windows.common-controls_6595b64144ccf1df_6.0.19041.1110_none_60b5254171f9507e;C:\Users\LENOVO\Desktop\DERSLER\eclipse\plugins\org.eclipse.justj.openjdk.hotspot.jre.full.win32.x86_64_17.0.3.v20220515-1416\jre\bin\server

VM Arguments:
jvm_args: -Dfile.encoding=UTF-8 -XX:+ShowCodeDetailsInExceptionMessages 
java_command: Main
java_class_path (initial): C:\java2022\YoutubeEgitim\bin
Launcher Type: SUN_STANDARD

[Global flags]
     intx CICompilerCount                          = 4                                         {product} {ergonomic}
     uint ConcGCThreads                            = 2                                         {product} {ergonomic}
     uint G1ConcRefinementThreads                  = 8                                         {product} {ergonomic}
   size_t G1HeapRegionSize                         = 1048576                                   {product} {ergonomic}
    uintx GCDrainStackTargetSize                   = 64                                        {product} {ergonomic}
   size_t InitialHeapSize                          = 132120576                                 {product} {ergonomic}
   size_t MarkStackSize                            = 4194304                                   {product} {ergonomic}
   size_t MaxHeapSize                              = 2097152000                                {product} {ergonomic}
   size_t MinHeapDeltaBytes                        = 1048576                                   {product} {ergonomic}
   size_t MinHeapSize                              = 8388608                                   {product} {ergonomic}
    uintx NonNMethodCodeHeapSize                   = 5839372                                {pd product} {ergonomic}
    uintx NonProfiledCodeHeapSize                  = 122909434                              {pd product} {ergonomic}
    uintx ProfiledCodeHeapSize                     = 122909434                              {pd product} {ergonomic}
    uintx ReservedCodeCacheSize                    = 251658240                              {pd product} {ergonomic}
     bool SegmentedCodeCache                       = true                                      {product} {ergonomic}
     bool ShowCodeDetailsInExceptionMessages       = true                                   {manageable} {command line}
   size_t SoftMaxHeapSize                          = 2097152000                             {manageable} {ergonomic}
     bool UseCompressedClassPointers               = true                           {product lp64_product} {ergonomic}
     bool UseCompressedOops                        = true                           {product lp64_product} {ergonomic}
     bool UseG1GC                                  = true                                      {product} {ergonomic}
     bool UseLargePagesIndividualAllocation        = false                                  {pd product} {ergonomic}

Logging:
Log output configuration:
 #0: stdout all=warning uptime,level,tags
 #1: stderr all=off uptime,level,tags

Environment Variables:
JAVA_HOME=C:\Program Files\Java\jdk1.8.0_201
PATH=C:/Users/LENOVO/Desktop/DERSLER/eclipse//plugins/org.eclipse.justj.openjdk.hotspot.jre.full.win32.x86_64_17.0.3.v20220515-1416/jre/bin/server;C:/Users/LENOVO/Desktop/DERSLER/eclipse//plugins/org.eclipse.justj.openjdk.hotspot.jre.full.win32.x86_64_17.0.3.v20220515-1416/jre/bin;C:\Program Files\Common Files\Oracle\Java\javapath;C:\Program Files (x86)\Common Files\Oracle\Java\javapath;C:\WINDOWS\system32;C:\WINDOWS;C:\WINDOWS\System32\Wbem;C:\WINDOWS\System32\WindowsPowerShell\v1.0\;C:\WINDOWS\System32\OpenSSH\;C:\Program Files\Java\jdk1.8.0_201\bin;C:\Program Files\MongoDB\Server\4.4\bin;C:\xampp\php;C:\ProgramData\ComposerSetup\bin;C:\Program Files\nodejs\;C:\Program Files\Git\cmd;C:\Users\LENOVO\AppData\Local\Microsoft\WindowsApps;C:\src\flutter\flutter\bin;C:\Users\LENOVO\AppData\Local\Programs\Microsoft VS Code\bin;C:\ProgramData\LENOVO\GitHubDesktop\bin;C:\Users\LENOVO\AppData\Local\Microsoft\WindowsApps;C:\Users\LENOVO\AppData\Local\GitHubDesktop\bin;C:\Users\LENOVO\AppData\Roaming\Composer\vendor\bin;C:\Users\LENOVO\AppData\Roaming\npm;C:\Users\LENOVO\Desktop\DERSLER\eclipse;
USERNAME=LENOVO
OS=Windows_NT
PROCESSOR_IDENTIFIER=Intel64 Family 6 Model 142 Stepping 12, GenuineIntel



---------------  S Y S T E M  ---------------

OS:
 Windows 10 , 64 bit Build 19041 (10.0.19041.1889)
OS uptime: 16 days 3:50 hours

CPU: total 8 (initial active 8) (4 cores per cpu, 2 threads per core) family 6 model 142 stepping 12 microcode 0xd6, cx8, cmov, fxsr, ht, mmx, 3dnowpref, sse, sse2, sse3, ssse3, sse4.1, sse4.2, popcnt, lzcnt, tsc, tscinvbit, avx, avx2, aes, erms, clmul, bmi1, bmi2, adx, fma, vzeroupper, clflush, clflushopt

Memory: 4k page, system-wide physical 7998M (584M free)
TotalPageFile size 32574M (AvailPageFile size 83M)
current process WorkingSet (physical memory assigned to process): 10M, peak: 10M
current process commit charge ("private bytes"): 60M, peak: 186M

vm_info: OpenJDK 64-Bit Server VM (17.0.3+7) for windows-amd64 JRE (17.0.3+7), built on Apr 19 2022 16:55:35 by "" with MS VC++ 16.7 (VS2019)

END.
